Arguments: 
  D:\nodejs\node.exe C:\Users\A8746\AppData\Roaming\npm\node_modules\yarn\bin\yarn.js global node

PATH: 
  C:\ProgramData\Oracle\Java\javapath;C:\Ruby23-x64\bin;%MAVEN_HOME%\bin;E:\app\xindai-test\product\11.2.0\client_2\bin;E:\app\xindai-test\product\11.2.0\client_1;C:\Java\jdk1.7.0_79;c:\windows\system32;C:\Java\jdk1.7.0_79/bin;C:\Program Files\Git\cmd;D:\nodejs\;C:\Program Files\SourceGear\Common\DiffMerge\;C:\Program Files\TortoiseSVN\bin;C:\Program Files\TortoiseSVN\bin;D:\git\nvmw;D:\npm;D:\nodejs;C:\Users\A8746\AppData\Roaming\npm;C:\Program Files\Microsoft VS Code\bin;D:\ffmpeg-20180319-e5b4cd4-win64-static\bin

Yarn version: 
  1.5.1

Node version: 
  6.10.2

Platform: 
  win32 x64

npm manifest: 
  {
    "name": "mockpro",
    "version": "1.0.0",
    "description": "",
    "main": "index.js",
    "scripts": {
      "test": "echo \"Error: no test specified\" && exit 1"
    },
    "author": "",
    "license": "ISC",
    "dependencies": {
      "babel": "^6.23.0",
      "easyui": "^8.0.0",
      "jquery": "^3.3.1",
      "mockjs": "^1.0.1-beta3",
      "web-pwa": "^0.1.3"
    }
  }

yarn manifest: 
  No manifest

Lockfile: 
  # THIS IS AN AUTOGENERATED FILE. DO NOT EDIT THIS FILE DIRECTLY.
  # yarn lockfile v1
  
  
  babel@^6.23.0:
    version "6.23.0"
    resolved "https://registry.yarnpkg.com/babel/-/babel-6.23.0.tgz#d0d1e7d803e974765beea3232d4e153c0efb90f4"
  
  commander@*:
    version "2.15.1"
    resolved "https://registry.yarnpkg.com/commander/-/commander-2.15.1.tgz#df46e867d0fc2aec66a34662b406a9ccafff5b0f"
  
  easyui@^8.0.0:
    version "8.0.0"
    resolved "https://registry.yarnpkg.com/easyui/-/easyui-8.0.0.tgz#a7513b0e401e7b634773dfdf3b5058b48f3eade0"
  
  isarray@0.0.1:
    version "0.0.1"
    resolved "https://registry.yarnpkg.com/isarray/-/isarray-0.0.1.tgz#8a18acfca9a8f4177e09abfc6038939b05d1eedf"
  
  jquery@^3.3.1:
    version "3.3.1"
    resolved "https://registry.yarnpkg.com/jquery/-/jquery-3.3.1.tgz#958ce29e81c9790f31be7792df5d4d95fc57fbca"
  
  mockjs@^1.0.1-beta3:
    version "1.0.1-beta3"
    resolved "https://registry.yarnpkg.com/mockjs/-/mockjs-1.0.1-beta3.tgz#d234f3c27256397564f2c955142e891909537209"
    dependencies:
      commander "*"
  
  path-to-regexp@^1.7.0:
    version "1.7.0"
    resolved "https://registry.yarnpkg.com/path-to-regexp/-/path-to-regexp-1.7.0.tgz#59fde0f435badacba103a84e9d3bc64e96b9937d"
    dependencies:
      isarray "0.0.1"
  
  web-pwa@^0.1.3:
    version "0.1.3"
    resolved "https://registry.yarnpkg.com/web-pwa/-/web-pwa-0.1.3.tgz#98cb2bc9e8e1cf5cd64ee6793fe7eeae687867d6"
    dependencies:
      path-to-regexp "^1.7.0"

Trace: 
  Error: Invalid subcommand. Try "add, bin, dir, ls, list, remove, upgrade, upgrade-interactive"
      at MessageError.Error (native)
      at new MessageError (C:\Users\A8746\AppData\Roaming\npm\node_modules\yarn\lib\cli.js:186:110)
      at Object.<anonymous> (C:\Users\A8746\AppData\Roaming\npm\node_modules\yarn\lib\cli.js:30362:59)
      at next (native)
      at step (C:\Users\A8746\AppData\Roaming\npm\node_modules\yarn\lib\cli.js:98:30)
      at C:\Users\A8746\AppData\Roaming\npm\node_modules\yarn\lib\cli.js:116:14
      at Promise.F (C:\Users\A8746\AppData\Roaming\npm\node_modules\yarn\lib\cli.js:23451:28)
      at Object.<anonymous> (C:\Users\A8746\AppData\Roaming\npm\node_modules\yarn\lib\cli.js:95:12)
      at Object.run (C:\Users\A8746\AppData\Roaming\npm\node_modules\yarn\lib\cli.js:30366:19)
      at run (C:\Users\A8746\AppData\Roaming\npm\node_modules\yarn\lib\cli.js:89113:20)
